2026-05-13 09:20:10 stock.orchestrator INFO Log file: pipeline\logs\orchestrator.log (daily rotation, 14 days kept)
2026-05-13 09:20:10 stock.orchestrator INFO Watchlist: 26 tickers (AMAT, AMD, ASML, AVGO, CEG, COHR, CRDO, DELL, ETN, GOOGL, KLAC, LITE, LRCX, META, MRVL, MSFT, MTSI, MU, MXL, NVDA, ORCL, SMCI, SMTC, TSM, VRT, VST)
2026-05-13 09:20:10 stock.orchestrator INFO Scheduled: Ingest news/prices/features (2x daily, pre-push) -> 2026-05-14T02:00:00+00:00
2026-05-13 09:20:10 stock.orchestrator INFO Scheduled: Run predictions on watchlist (2x daily) -> 2026-05-14T02:15:00+00:00
2026-05-13 09:20:10 stock.orchestrator INFO Scheduled: Score due predictions -> 2026-05-13T21:30:00+00:00
2026-05-13 09:20:10 stock.orchestrator INFO Scheduled: Weekly reflection -> 2026-05-16T06:00:00+00:00
2026-05-13 09:20:10 stock.orchestrator INFO Scheduled: Morning web discovery -> 2026-05-14T02:00:00+00:00
2026-05-13 09:20:10 stock.orchestrator INFO Scheduled: Evening web discovery -> 2026-05-14T14:00:00+00:00
2026-05-13 09:20:10 stock.orchestrator INFO Scheduled: Daily price/volume anomaly computation -> 2026-05-13T21:35:00+00:00
2026-05-13 09:20:10 stock.orchestrator INFO Scheduled: Weekly EDGAR Form 4 pull -> 2026-05-17T05:00:00+00:00
2026-05-13 09:20:10 stock.orchestrator INFO Scheduled: Per-holding weekly health-check deep-dive -> 2026-05-16T07:00:00+00:00
2026-05-13 09:20:10 stock.orchestrator INFO Scheduled: Classify replies, queue follow-ups, auto-rewrite prompt -> 2026-05-13T16:25:00+00:00
2026-05-13 09:20:10 stock.orchestrator INFO Scheduled: Run pending auto-queued action items -> 2026-05-14T00:00:00+00:00
2026-05-13 09:20:10 stock.orchestrator INFO Scheduled: Morning research + WeChat push -> 2026-05-14T02:30:00+00:00
2026-05-13 09:20:10 stock.orchestrator INFO Scheduled: Evening research + WeChat push -> 2026-05-14T14:30:00+00:00
2026-05-13 09:20:10 stock.orchestrator INFO Scheduled: Push state to Render free tier + pull boss replies -> 2026-05-13T16:25:00+00:00
2026-05-13 09:20:10 stock.orchestrator INFO Scheduled: F26 nightly tracked-event verification -> 2026-05-13T21:50:00+00:00
2026-05-13 09:20:10 stock.orchestrator INFO Scheduled: F33 nightly SQLite online backup -> 2026-05-13T23:30:00+00:00
2026-05-13 09:20:10 stock.orchestrator INFO Scheduled: F36 unusual options activity scan -> 2026-05-13T21:55:00+00:00
2026-05-13 09:20:10 stock.orchestrator INFO Scheduled: F38 three-sector smallcap forward-discovery scan -> 2026-05-13T22:15:00+00:00
2026-05-13 09:20:10 stock.orchestrator INFO Scheduled: F39 weekly AI commercial-loop closure-risk measurement -> 2026-05-18T06:30:00+00:00
2026-05-13 09:20:10 stock.orchestrator INFO Scheduled: F40 weekly Q&A deep-dive on top-FWP candidates -> 2026-05-16T07:00:00+00:00
2026-05-13 09:20:10 stock.orchestrator INFO Scheduled: F44 weekly company DD checklist (queue-rotated) -> 2026-05-20T09:15:00+00:00
2026-05-13 09:20:10 stock.orchestrator INFO Scheduled: F45 weekly entry-zone scan (conviction + DD queue) -> 2026-05-17T06:00:00+00:00
2026-05-13 09:20:10 stock.orchestrator INFO Scheduled: F46 post-close volume + price snapshot (4:05 PM ET) -> 2026-05-13T20:05:00+00:00
2026-05-13 09:20:10 stock.orchestrator INFO Scheduled: F19 forward-looking candidate scoring + auto-promote -> 2026-05-13T23:00:00+00:00
2026-05-13 09:20:10 stock.orchestrator INFO Scheduled: Verify scored theses against post-window evidence -> 2026-05-13T21:40:00+00:00
2026-05-13 09:20:10 stock.orchestrator INFO Scheduled: Daily grade-and-reply note + follow-ups -> 2026-05-13T21:45:00+00:00
2026-05-13 09:20:10 stock.orchestrator INFO Scheduled: Daily self-review packet + optional MiniMax proposals -> 2026-05-14T06:00:00+00:00
2026-05-13 09:20:10 stock.orchestrator INFO Orchestrator running (27 jobs). Press Ctrl+C to stop.
INFO:     Started server process [6200]
INFO:     Waiting for application startup.
INFO:     Application startup complete.
INFO:     Uvicorn running on http://127.0.0.1:18790 (Press CTRL+C to quit)
2026-05-13 09:25:00 stock.orchestrator INFO learn_from_feedback: no new inbound entries
2026-05-13 09:25:03 stock.orchestrator INFO Render sync: notes=72 tokens=2 replies=0
2026-05-13 09:30:00 stock.orchestrator INFO learn_from_feedback: no new inbound entries
2026-05-13 09:30:03 stock.orchestrator INFO Render sync: notes=72 tokens=2 replies=0
2026-05-13 09:35:00 stock.orchestrator INFO learn_from_feedback: no new inbound entries
2026-05-13 09:35:03 stock.orchestrator INFO Render sync: notes=72 tokens=2 replies=0
2026-05-13 09:40:00 stock.orchestrator INFO learn_from_feedback: no new inbound entries
2026-05-13 09:40:03 stock.orchestrator INFO Render sync: notes=72 tokens=2 replies=0
2026-05-13 09:45:00 stock.orchestrator INFO learn_from_feedback: no new inbound entries
2026-05-13 09:45:03 stock.orchestrator INFO Render sync: notes=72 tokens=2 replies=0
2026-05-13 09:50:00 stock.orchestrator INFO learn_from_feedback: no new inbound entries
2026-05-13 09:50:03 stock.orchestrator INFO Render sync: notes=72 tokens=2 replies=0
2026-05-13 09:55:00 stock.orchestrator INFO learn_from_feedback: no new inbound entries
2026-05-13 09:55:03 stock.orchestrator INFO Render sync: notes=72 tokens=2 replies=0
2026-05-13 10:00:00 stock.orchestrator INFO learn_from_feedback: no new inbound entries
2026-05-13 10:00:03 stock.orchestrator INFO Render sync: notes=72 tokens=2 replies=0
2026-05-13 10:05:00 stock.orchestrator INFO learn_from_feedback: no new inbound entries
2026-05-13 10:05:03 stock.orchestrator INFO Render sync: notes=72 tokens=2 replies=0
2026-05-13 10:10:00 stock.orchestrator INFO learn_from_feedback: no new inbound entries
2026-05-13 10:10:03 stock.orchestrator INFO Render sync: notes=72 tokens=2 replies=0
2026-05-13 10:15:00 stock.orchestrator INFO learn_from_feedback: no new inbound entries
2026-05-13 10:15:02 stock.orchestrator INFO Render sync: notes=72 tokens=2 replies=0
2026-05-13 10:20:00 stock.orchestrator INFO learn_from_feedback: no new inbound entries
2026-05-13 10:20:03 stock.orchestrator INFO Render sync: notes=72 tokens=2 replies=0
2026-05-13 10:25:00 stock.orchestrator INFO learn_from_feedback: no new inbound entries
2026-05-13 10:25:03 stock.orchestrator INFO Render sync: notes=72 tokens=2 replies=0
2026-05-13 10:30:00 stock.orchestrator INFO learn_from_feedback: no new inbound entries
2026-05-13 10:30:02 stock.orchestrator INFO Render sync: notes=72 tokens=2 replies=0
2026-05-13 10:35:00 stock.orchestrator INFO learn_from_feedback: no new inbound entries
2026-05-13 10:35:03 stock.orchestrator INFO Render sync: notes=72 tokens=2 replies=0
2026-05-13 10:40:00 stock.orchestrator INFO learn_from_feedback: no new inbound entries
2026-05-13 10:40:03 stock.orchestrator INFO Render sync: notes=72 tokens=2 replies=0
2026-05-13 10:45:00 stock.orchestrator INFO learn_from_feedback: no new inbound entries
2026-05-13 10:45:03 stock.orchestrator INFO Render sync: notes=72 tokens=2 replies=0
2026-05-13 10:50:00 stock.orchestrator INFO learn_from_feedback: no new inbound entries
2026-05-13 10:50:02 stock.orchestrator INFO Render sync: notes=72 tokens=2 replies=0
2026-05-13 10:55:00 stock.orchestrator INFO learn_from_feedback: no new inbound entries
2026-05-13 10:55:03 stock.orchestrator INFO Render sync: notes=72 tokens=2 replies=0
2026-05-13 11:00:00 stock.orchestrator INFO learn_from_feedback: no new inbound entries
2026-05-13 11:00:02 stock.orchestrator INFO Render sync: notes=72 tokens=2 replies=0
2026-05-13 11:05:00 stock.orchestrator INFO learn_from_feedback: no new inbound entries
2026-05-13 11:05:03 stock.orchestrator INFO Render sync: notes=72 tokens=2 replies=0
2026-05-13 11:10:00 stock.orchestrator INFO learn_from_feedback: no new inbound entries
2026-05-13 11:10:03 stock.orchestrator INFO Render sync: notes=72 tokens=2 replies=0
2026-05-13 11:15:00 stock.orchestrator INFO learn_from_feedback: no new inbound entries
2026-05-13 11:15:03 stock.orchestrator INFO Render sync: notes=72 tokens=2 replies=0
2026-05-13 11:20:00 stock.orchestrator INFO learn_from_feedback: no new inbound entries
2026-05-13 11:20:02 stock.orchestrator INFO Render sync: notes=72 tokens=2 replies=0
2026-05-13 11:25:00 stock.orchestrator INFO learn_from_feedback: no new inbound entries
2026-05-13 11:25:03 stock.orchestrator INFO Render sync: notes=72 tokens=2 replies=0
2026-05-13 11:30:00 stock.orchestrator INFO learn_from_feedback: no new inbound entries
2026-05-13 11:30:03 stock.orchestrator INFO Render sync: notes=72 tokens=2 replies=0
2026-05-13 11:35:00 stock.orchestrator INFO learn_from_feedback: no new inbound entries
2026-05-13 11:35:03 stock.orchestrator INFO Render sync: notes=72 tokens=2 replies=0
2026-05-13 11:40:00 stock.orchestrator INFO learn_from_feedback: no new inbound entries
2026-05-13 11:40:03 stock.orchestrator INFO Render sync: notes=72 tokens=2 replies=0
2026-05-13 11:45:00 stock.orchestrator INFO learn_from_feedback: no new inbound entries
2026-05-13 11:45:03 stock.orchestrator INFO Render sync: notes=72 tokens=2 replies=0
2026-05-13 11:50:00 stock.orchestrator INFO learn_from_feedback: no new inbound entries
2026-05-13 11:50:02 stock.orchestrator INFO Render sync: notes=72 tokens=2 replies=0
2026-05-13 11:55:00 stock.orchestrator INFO learn_from_feedback: no new inbound entries
2026-05-13 11:55:03 stock.orchestrator INFO Render sync: notes=72 tokens=2 replies=0
2026-05-13 12:00:00 stock.orchestrator INFO learn_from_feedback: no new inbound entries
2026-05-13 12:00:02 stock.orchestrator INFO Render sync: notes=72 tokens=2 replies=0
2026-05-13 12:05:00 stock.orchestrator INFO learn_from_feedback: no new inbound entries
2026-05-13 12:05:02 stock.orchestrator INFO Render sync: notes=72 tokens=2 replies=0
2026-05-13 12:10:00 stock.orchestrator INFO learn_from_feedback: no new inbound entries
2026-05-13 12:10:03 stock.orchestrator INFO Render sync: notes=72 tokens=2 replies=0
2026-05-13 12:15:00 stock.orchestrator INFO learn_from_feedback: no new inbound entries
2026-05-13 12:15:03 stock.orchestrator INFO Render sync: notes=72 tokens=2 replies=0
2026-05-13 12:20:00 stock.orchestrator INFO learn_from_feedback: no new inbound entries
2026-05-13 12:20:03 stock.orchestrator INFO Render sync: notes=72 tokens=2 replies=0
2026-05-13 12:25:00 stock.orchestrator INFO learn_from_feedback: no new inbound entries
2026-05-13 12:25:03 stock.orchestrator INFO Render sync: notes=72 tokens=2 replies=0
2026-05-13 12:30:00 stock.orchestrator INFO learn_from_feedback: no new inbound entries
2026-05-13 12:30:02 stock.orchestrator INFO Render sync: notes=72 tokens=2 replies=0
2026-05-13 12:35:00 stock.orchestrator INFO learn_from_feedback: no new inbound entries
2026-05-13 12:35:03 stock.orchestrator INFO Render sync: notes=72 tokens=2 replies=0
2026-05-13 12:40:00 stock.orchestrator INFO learn_from_feedback: no new inbound entries
2026-05-13 12:40:03 stock.orchestrator INFO Render sync: notes=72 tokens=2 replies=0
2026-05-13 12:45:00 stock.orchestrator INFO learn_from_feedback: no new inbound entries
2026-05-13 12:45:02 stock.orchestrator INFO Render sync: notes=72 tokens=2 replies=0
2026-05-13 12:50:00 stock.orchestrator INFO learn_from_feedback: no new inbound entries
2026-05-13 12:50:03 stock.orchestrator INFO Render sync: notes=72 tokens=2 replies=0
2026-05-13 12:55:00 stock.orchestrator INFO learn_from_feedback: no new inbound entries
2026-05-13 12:55:02 stock.orchestrator INFO Render sync: notes=72 tokens=2 replies=0
2026-05-13 13:00:00 stock.orchestrator INFO learn_from_feedback: no new inbound entries
2026-05-13 13:00:03 stock.orchestrator INFO Render sync: notes=72 tokens=2 replies=0
2026-05-13 13:05:00 stock.orchestrator INFO learn_from_feedback: no new inbound entries
2026-05-13 13:05:03 stock.orchestrator INFO Render sync: notes=72 tokens=2 replies=0
2026-05-13 13:05:10 stock.orchestrator INFO Post-close snapshot done: Persisted research_id=75 |   Spikes: 2, Quiets: 0 |   Total scanned: 25
2026-05-13 13:10:00 stock.orchestrator INFO learn_from_feedback: no new inbound entries
2026-05-13 13:10:02 stock.orchestrator INFO Render sync: notes=73 tokens=2 replies=0
2026-05-13 13:15:00 stock.orchestrator INFO learn_from_feedback: no new inbound entries
2026-05-13 13:15:03 stock.orchestrator INFO Render sync: notes=73 tokens=2 replies=0
2026-05-13 13:20:00 stock.orchestrator INFO learn_from_feedback: no new inbound entries
2026-05-13 13:20:02 stock.orchestrator INFO Render sync: notes=73 tokens=2 replies=0
2026-05-13 13:25:00 stock.orchestrator INFO learn_from_feedback: no new inbound entries
2026-05-13 13:25:03 stock.orchestrator INFO Render sync: notes=73 tokens=2 replies=0
2026-05-13 13:30:00 stock.orchestrator INFO learn_from_feedback: no new inbound entries
2026-05-13 13:30:03 stock.orchestrator INFO Render sync: notes=73 tokens=2 replies=0
2026-05-13 13:35:00 stock.orchestrator INFO learn_from_feedback: no new inbound entries
2026-05-13 13:35:03 stock.orchestrator INFO Render sync: notes=73 tokens=2 replies=0
2026-05-13 13:40:00 stock.orchestrator INFO learn_from_feedback: no new inbound entries
2026-05-13 13:40:03 stock.orchestrator INFO Render sync: notes=73 tokens=2 replies=0
2026-05-13 13:45:00 stock.orchestrator INFO learn_from_feedback: no new inbound entries
2026-05-13 13:45:03 stock.orchestrator INFO Render sync: notes=73 tokens=2 replies=0
2026-05-13 13:50:00 stock.orchestrator INFO learn_from_feedback: no new inbound entries
2026-05-13 13:50:03 stock.orchestrator INFO Render sync: notes=73 tokens=2 replies=0
2026-05-13 13:55:00 stock.orchestrator INFO learn_from_feedback: no new inbound entries
2026-05-13 13:55:03 stock.orchestrator INFO Render sync: notes=73 tokens=2 replies=0
2026-05-13 14:00:00 stock.orchestrator INFO learn_from_feedback: no new inbound entries
2026-05-13 14:00:03 stock.orchestrator INFO Render sync: notes=73 tokens=2 replies=0
2026-05-13 14:05:00 stock.orchestrator INFO learn_from_feedback: no new inbound entries
2026-05-13 14:05:03 stock.orchestrator INFO Render sync: notes=73 tokens=2 replies=0
2026-05-13 14:10:00 stock.orchestrator INFO learn_from_feedback: no new inbound entries
2026-05-13 14:10:03 stock.orchestrator INFO Render sync: notes=73 tokens=2 replies=0
2026-05-13 14:15:00 stock.orchestrator INFO learn_from_feedback: no new inbound entries
2026-05-13 14:15:02 stock.orchestrator INFO Render sync: notes=73 tokens=2 replies=0
2026-05-13 14:20:00 stock.orchestrator INFO learn_from_feedback: no new inbound entries
2026-05-13 14:20:03 stock.orchestrator INFO Render sync: notes=73 tokens=2 replies=0
2026-05-13 14:25:00 stock.orchestrator INFO learn_from_feedback: no new inbound entries
2026-05-13 14:25:03 stock.orchestrator INFO Render sync: notes=73 tokens=2 replies=0
2026-05-13 14:30:00 stock.orchestrator INFO learn_from_feedback: no new inbound entries
2026-05-13 14:30:00 stock.orchestrator INFO Scoring complete: scored=0 skipped=0 already_scored=0
2026-05-13 14:30:03 stock.orchestrator INFO Render sync: notes=73 tokens=2 replies=0
2026-05-13 14:35:00 stock.orchestrator INFO learn_from_feedback: no new inbound entries
2026-05-13 14:35:00 stock.orchestrator INFO Anomaly recompute flagged=3 rows
2026-05-13 14:35:03 stock.orchestrator INFO Render sync: notes=73 tokens=2 replies=0
2026-05-13 14:40:00 stock.orchestrator INFO learn_from_feedback: no new inbound entries
2026-05-13 14:40:00 stock.orchestrator INFO Theses verified: 0 graded this tick
2026-05-13 14:40:03 stock.orchestrator INFO Render sync: notes=73 tokens=2 replies=0
2026-05-13 14:45:00 stock.orchestrator INFO learn_from_feedback: no new inbound entries
2026-05-13 14:45:03 stock.orchestrator INFO Render sync: notes=73 tokens=2 replies=0
2026-05-13 14:45:08 stock.orchestrator INFO Grading note id=76 total=0 hits=0 hit_rate=0.00 refreshed=26 follow_ups=0 cost=$0.0000
2026-05-13 14:50:00 stock.orchestrator INFO learn_from_feedback: no new inbound entries
2026-05-13 14:50:03 stock.orchestrator INFO Render sync: notes=74 tokens=2 replies=0
2026-05-13 14:50:39 stock.orchestrator INFO Tracked events verified: 3 total (pending=3)
2026-05-13 14:55:00 stock.orchestrator INFO learn_from_feedback: no new inbound entries
2026-05-13 14:55:03 stock.orchestrator INFO Render sync: notes=74 tokens=2 replies=0
2026-05-13 14:55:20 stock.orchestrator INFO UOA scan: 26 tickers, 37 total hits
2026-05-13 15:00:00 stock.orchestrator INFO learn_from_feedback: no new inbound entries
2026-05-13 15:00:03 stock.orchestrator INFO Render sync: notes=74 tokens=2 replies=0
2026-05-13 15:05:00 stock.orchestrator INFO learn_from_feedback: no new inbound entries
2026-05-13 15:05:03 stock.orchestrator INFO Render sync: notes=74 tokens=2 replies=0
2026-05-13 15:10:00 stock.orchestrator INFO learn_from_feedback: no new inbound entries
2026-05-13 15:10:03 stock.orchestrator INFO Render sync: notes=74 tokens=2 replies=0
2026-05-13 15:15:00 stock.orchestrator INFO learn_from_feedback: no new inbound entries
2026-05-13 15:15:02 stock.orchestrator INFO Render sync: notes=74 tokens=2 replies=0
2026-05-13 15:15:11 stock.orchestrator INFO Smallcap scan: 33 scanned, 33 above noise floor, 3 sectors
2026-05-13 15:20:00 stock.orchestrator INFO learn_from_feedback: no new inbound entries
2026-05-13 15:20:03 stock.orchestrator INFO Render sync: notes=74 tokens=2 replies=0
2026-05-13 15:25:00 stock.orchestrator INFO learn_from_feedback: no new inbound entries
2026-05-13 15:25:03 stock.orchestrator INFO Render sync: notes=74 tokens=2 replies=0
2026-05-13 15:30:00 stock.orchestrator INFO learn_from_feedback: no new inbound entries
2026-05-13 15:30:03 stock.orchestrator INFO Render sync: notes=74 tokens=2 replies=0
2026-05-13 15:35:00 stock.orchestrator INFO learn_from_feedback: no new inbound entries
2026-05-13 15:35:03 stock.orchestrator INFO Render sync: notes=74 tokens=2 replies=0
2026-05-13 15:40:00 stock.orchestrator INFO learn_from_feedback: no new inbound entries
2026-05-13 15:40:03 stock.orchestrator INFO Render sync: notes=74 tokens=2 replies=0
2026-05-13 15:45:00 stock.orchestrator INFO learn_from_feedback: no new inbound entries
2026-05-13 15:45:03 stock.orchestrator INFO Render sync: notes=74 tokens=2 replies=0
2026-05-13 15:50:00 stock.orchestrator INFO learn_from_feedback: no new inbound entries
2026-05-13 15:50:03 stock.orchestrator INFO Render sync: notes=74 tokens=2 replies=0
2026-05-13 15:55:00 stock.orchestrator INFO learn_from_feedback: no new inbound entries
2026-05-13 15:55:03 stock.orchestrator INFO Render sync: notes=74 tokens=2 replies=0
2026-05-13 16:00:00 stock.orchestrator INFO learn_from_feedback: no new inbound entries
2026-05-13 16:00:03 stock.orchestrator INFO Render sync: notes=74 tokens=2 replies=0
2026-05-13 16:01:07 stock.orchestrator INFO Discovery engine: universe=120 scored=120 new=1 updated=119 promoted=none apewisdom_ok=True
2026-05-13 16:01:07 stock.orchestrator INFO   candidate BABA FWP=0.320 gate=False
2026-05-13 16:01:07 stock.orchestrator INFO   candidate NVDA FWP=0.312 gate=False
2026-05-13 16:01:07 stock.orchestrator INFO   candidate GOOGL FWP=0.304 gate=False
2026-05-13 16:01:07 stock.orchestrator INFO   candidate AMAT FWP=0.297 gate=False
2026-05-13 16:01:07 stock.orchestrator INFO   candidate MRVL FWP=0.296 gate=False
2026-05-13 16:05:00 stock.orchestrator INFO learn_from_feedback: no new inbound entries
2026-05-13 16:05:03 stock.orchestrator INFO Render sync: notes=74 tokens=2 replies=0
2026-05-13 16:10:00 stock.orchestrator INFO learn_from_feedback: no new inbound entries
2026-05-13 16:10:03 stock.orchestrator INFO Render sync: notes=74 tokens=2 replies=0
2026-05-13 16:15:00 stock.orchestrator INFO learn_from_feedback: no new inbound entries
2026-05-13 16:15:02 stock.orchestrator INFO Render sync: notes=74 tokens=2 replies=0
2026-05-13 16:20:00 stock.orchestrator INFO learn_from_feedback: no new inbound entries
2026-05-13 16:20:03 stock.orchestrator INFO Render sync: notes=74 tokens=2 replies=0
2026-05-13 16:25:00 stock.orchestrator INFO learn_from_feedback: no new inbound entries
2026-05-13 16:25:03 stock.orchestrator INFO Render sync: notes=74 tokens=2 replies=0
2026-05-13 16:30:00 stock.orchestrator INFO learn_from_feedback: no new inbound entries
2026-05-13 16:30:00 stock.backup INFO DB backup written: stock.db.2026-05-13.bak (10.1 MB), pruned 1 older copies
2026-05-13 16:30:00 stock.orchestrator INFO DB backup ok: data\backups\stock.db.2026-05-13.bak (10.1 MB)
2026-05-13 16:30:03 stock.orchestrator INFO Render sync: notes=74 tokens=2 replies=0
2026-05-13 16:35:00 stock.orchestrator INFO learn_from_feedback: no new inbound entries
2026-05-13 16:35:03 stock.orchestrator INFO Render sync: notes=74 tokens=2 replies=0
2026-05-13 16:40:00 stock.orchestrator INFO learn_from_feedback: no new inbound entries
2026-05-13 16:40:02 stock.orchestrator INFO Render sync: notes=74 tokens=2 replies=0
2026-05-13 16:45:00 stock.orchestrator INFO learn_from_feedback: no new inbound entries
2026-05-13 16:45:02 stock.orchestrator INFO Render sync: notes=74 tokens=2 replies=0
2026-05-13 16:50:00 stock.orchestrator INFO learn_from_feedback: no new inbound entries
2026-05-13 16:50:03 stock.orchestrator INFO Render sync: notes=74 tokens=2 replies=0
2026-05-13 16:55:00 stock.orchestrator INFO learn_from_feedback: no new inbound entries
2026-05-13 16:55:03 stock.orchestrator INFO Render sync: notes=74 tokens=2 replies=0
2026-05-13 17:00:00 stock.orchestrator INFO action_queue runner drained=0
2026-05-13 17:00:00 stock.orchestrator INFO learn_from_feedback: no new inbound entries
2026-05-13 17:00:03 stock.orchestrator INFO Render sync: notes=74 tokens=2 replies=0
2026-05-13 17:05:00 stock.orchestrator INFO learn_from_feedback: no new inbound entries
2026-05-13 17:05:03 stock.orchestrator INFO Render sync: notes=74 tokens=2 replies=0
2026-05-13 17:10:00 stock.orchestrator INFO learn_from_feedback: no new inbound entries
2026-05-13 17:10:03 stock.orchestrator INFO Render sync: notes=74 tokens=2 replies=0
2026-05-13 17:15:00 stock.orchestrator INFO learn_from_feedback: no new inbound entries
2026-05-13 17:15:03 stock.orchestrator INFO Render sync: notes=74 tokens=2 replies=0
2026-05-13 17:20:00 stock.orchestrator INFO learn_from_feedback: no new inbound entries
2026-05-13 17:20:03 stock.orchestrator INFO Render sync: notes=74 tokens=2 replies=0
2026-05-13 17:25:00 stock.orchestrator INFO learn_from_feedback: no new inbound entries
2026-05-13 17:25:02 stock.orchestrator INFO Render sync: notes=74 tokens=2 replies=0
2026-05-13 17:30:00 stock.orchestrator INFO learn_from_feedback: no new inbound entries
2026-05-13 17:30:03 stock.orchestrator INFO Render sync: notes=74 tokens=2 replies=0
2026-05-13 17:35:00 stock.orchestrator INFO learn_from_feedback: no new inbound entries
2026-05-13 17:35:03 stock.orchestrator INFO Render sync: notes=74 tokens=2 replies=0
2026-05-13 17:40:00 stock.orchestrator INFO learn_from_feedback: no new inbound entries
2026-05-13 17:40:02 stock.orchestrator INFO Render sync: notes=74 tokens=2 replies=0
2026-05-13 17:45:00 stock.orchestrator INFO learn_from_feedback: no new inbound entries
2026-05-13 17:45:03 stock.orchestrator INFO Render sync: notes=74 tokens=2 replies=0
2026-05-13 17:50:00 stock.orchestrator INFO learn_from_feedback: no new inbound entries
2026-05-13 17:50:03 stock.orchestrator INFO Render sync: notes=74 tokens=2 replies=0
2026-05-13 17:55:00 stock.orchestrator INFO learn_from_feedback: no new inbound entries
2026-05-13 17:55:03 stock.orchestrator INFO Render sync: notes=74 tokens=2 replies=0
2026-05-13 18:00:00 stock.orchestrator INFO learn_from_feedback: no new inbound entries
2026-05-13 18:00:02 stock.orchestrator INFO Render sync: notes=74 tokens=2 replies=0
2026-05-13 18:05:00 stock.orchestrator INFO learn_from_feedback: no new inbound entries
2026-05-13 18:05:02 stock.orchestrator INFO Render sync: notes=74 tokens=2 replies=0
2026-05-13 18:10:00 stock.orchestrator INFO learn_from_feedback: no new inbound entries
2026-05-13 18:10:02 stock.orchestrator INFO Render sync: notes=74 tokens=2 replies=0
2026-05-13 18:15:00 stock.orchestrator INFO learn_from_feedback: no new inbound entries
2026-05-13 18:15:04 stock.orchestrator INFO Render sync: notes=74 tokens=2 replies=0
2026-05-13 18:20:00 stock.orchestrator INFO learn_from_feedback: no new inbound entries
2026-05-13 18:20:04 stock.orchestrator INFO Render sync: notes=74 tokens=2 replies=0
2026-05-13 18:25:00 stock.orchestrator INFO learn_from_feedback: no new inbound entries
2026-05-13 18:25:03 stock.orchestrator INFO Render sync: notes=74 tokens=2 replies=0
2026-05-13 18:30:00 stock.orchestrator INFO learn_from_feedback: no new inbound entries
2026-05-13 18:30:03 stock.orchestrator INFO Render sync: notes=74 tokens=2 replies=0
2026-05-13 18:35:00 stock.orchestrator INFO learn_from_feedback: no new inbound entries
2026-05-13 18:35:02 stock.orchestrator INFO Render sync: notes=74 tokens=2 replies=0
2026-05-13 18:40:00 stock.orchestrator INFO learn_from_feedback: no new inbound entries
2026-05-13 18:40:03 stock.orchestrator INFO Render sync: notes=74 tokens=2 replies=0
2026-05-13 18:45:00 stock.orchestrator INFO learn_from_feedback: no new inbound entries
2026-05-13 18:45:03 stock.orchestrator INFO Render sync: notes=74 tokens=2 replies=0
2026-05-13 18:50:00 stock.orchestrator INFO learn_from_feedback: no new inbound entries
2026-05-13 18:50:02 stock.orchestrator INFO Render sync: notes=74 tokens=2 replies=0
2026-05-13 18:55:00 stock.orchestrator INFO learn_from_feedback: no new inbound entries
2026-05-13 18:55:03 stock.orchestrator INFO Render sync: notes=74 tokens=2 replies=0
2026-05-13 19:00:00 stock.orchestrator INFO learn_from_feedback: no new inbound entries
2026-05-13 19:00:02 stock.orchestrator INFO Render sync: notes=74 tokens=2 replies=0
2026-05-13 19:00:25 stock.discover INFO Discovery searches: queries=10 hits=50
2026-05-13 19:00:34 stock.discover INFO Discovery fetches: ok=3 failed=3
2026-05-13 19:01:11 stock.orchestrator INFO Discovery id=19 label=morning_2026-05-14 layer=integration_systems queries=10 mentions=0 themes=2 cost=$0.0000
2026-05-13 19:05:00 stock.orchestrator INFO learn_from_feedback: no new inbound entries
2026-05-13 19:05:03 stock.orchestrator INFO Render sync: notes=74 tokens=2 replies=0
2026-05-13 19:10:00 stock.orchestrator INFO learn_from_feedback: no new inbound entries
2026-05-13 19:10:03 stock.orchestrator INFO Render sync: notes=74 tokens=2 replies=0
2026-05-13 19:15:00 stock.orchestrator INFO learn_from_feedback: no new inbound entries
2026-05-13 19:15:04 stock.orchestrator INFO Render sync: notes=74 tokens=2 replies=0
2026-05-13 19:15:50 sentence_transformers.base.model INFO No device provided, using cpu
Warning: You are sending unauthenticated requests to the HF Hub. Please set a HF_TOKEN to enable higher rate limits and faster downloads.
2026-05-13 19:15:50 huggingface_hub.utils._http WARNING Warning: You are sending unauthenticated requests to the HF Hub. Please set a HF_TOKEN to enable higher rate limits and faster downloads.
2026-05-13 19:15:50 sentence_transformers.base.model INFO Loading SentenceTransformer model from sentence-transformers/all-MiniLM-L6-v2.
Loading weights:   0%|          | 0/103 [00:00<?, ?it/s]Loading weights: 100%|##########| 103/103 [00:00<00:00, 1727.79it/s]
[1mBertModel LOAD REPORT[0m from: sentence-transformers/all-MiniLM-L6-v2
Key                     | Status     |  | 
------------------------+------------+--+-
embeddings.position_ids | UNEXPECTED |  | 

Notes:
- UNEXPECTED:	can be ignored when loading from different task/architecture; not ok if you expect identical arch.
Batches:   0%|          | 0/1 [00:00<?, ?it/s]Batches: 100%|##########| 1/1 [00:00<00:00,  1.50it/s]Batches: 100%|##########| 1/1 [00:00<00:00,  1.50it/s]
2026-05-13 19:16:31 stock.orchestrator INFO Predicted AMAT up (prob_up=0.58, cal=0.58)
Batches:   0%|          | 0/1 [00:00<?, ?it/s]Batches: 100%|##########| 1/1 [00:00<00:00,  9.26it/s]Batches: 100%|##########| 1/1 [00:00<00:00,  9.26it/s]
2026-05-13 19:16:43 stock.features ERROR Skipping news_id=56349: unexpected feature-extraction failure
Traceback (most recent call last):
  File "C:\Users\claw\Desktop\Project\STOCK\src\stock\features.py", line 124, in extract_features
    result = extract_single(news_id, title, body, tick, conn)
             ^^^^^^^^^^^^^^^^^^^^^^^^^^^^^^^^^^^^^^^^^^^^^^^^
  File "C:\Users\claw\Desktop\Project\STOCK\src\stock\features.py", line 83, in extract_single
    response = client.chat(
               ^^^^^^^^^^^^
  File "C:\Users\claw\Desktop\Project\STOCK\src\stock\models.py", line 677, in chat
    return self._codex.chat(
           ^^^^^^^^^^^^^^^^^
  File "C:\Users\claw\Desktop\Project\STOCK\src\stock\models.py", line 610, in chat
    conn.execute(
sqlite3.OperationalError: database is locked
2026-05-13 19:17:05 stock.features ERROR Skipping news_id=56350: unexpected feature-extraction failure
Traceback (most recent call last):
  File "C:\Users\claw\Desktop\Project\STOCK\src\stock\features.py", line 124, in extract_features
    result = extract_single(news_id, title, body, tick, conn)
             ^^^^^^^^^^^^^^^^^^^^^^^^^^^^^^^^^^^^^^^^^^^^^^^^
  File "C:\Users\claw\Desktop\Project\STOCK\src\stock\features.py", line 83, in extract_single
    response = client.chat(
               ^^^^^^^^^^^^
  File "C:\Users\claw\Desktop\Project\STOCK\src\stock\models.py", line 677, in chat
    return self._codex.chat(
           ^^^^^^^^^^^^^^^^^
  File "C:\Users\claw\Desktop\Project\STOCK\src\stock\models.py", line 610, in chat
    conn.execute(
sqlite3.OperationalError: database is locked
2026-05-13 19:17:11 stock.features ERROR Skipping news_id=56351: unexpected feature-extraction failure
Traceback (most recent call last):
  File "C:\Users\claw\Desktop\Project\STOCK\src\stock\features.py", line 124, in extract_features
    result = extract_single(news_id, title, body, tick, conn)
             ^^^^^^^^^^^^^^^^^^^^^^^^^^^^^^^^^^^^^^^^^^^^^^^^
  File "C:\Users\claw\Desktop\Project\STOCK\src\stock\features.py", line 83, in extract_single
    response = client.chat(
               ^^^^^^^^^^^^
  File "C:\Users\claw\Desktop\Project\STOCK\src\stock\models.py", line 677, in chat
    return self._codex.chat(
           ^^^^^^^^^^^^^^^^^
  File "C:\Users\claw\Desktop\Project\STOCK\src\stock\models.py", line 610, in chat
    conn.execute(
sqlite3.OperationalError: database is locked
2026-05-13 19:17:12 stock.orchestrator INFO Predicted AMD up (prob_up=0.56, cal=0.56)
Batches:   0%|          | 0/1 [00:00<?, ?it/s]Batches: 100%|##########| 1/1 [00:00<00:00,  5.28it/s]Batches: 100%|##########| 1/1 [00:00<00:00,  5.20it/s]
2026-05-13 19:17:34 stock.features ERROR Skipping news_id=56354: unexpected feature-extraction failure
Traceback (most recent call last):
  File "C:\Users\claw\Desktop\Project\STOCK\src\stock\features.py", line 124, in extract_features
    result = extract_single(news_id, title, body, tick, conn)
             ^^^^^^^^^^^^^^^^^^^^^^^^^^^^^^^^^^^^^^^^^^^^^^^^
  File "C:\Users\claw\Desktop\Project\STOCK\src\stock\features.py", line 83, in extract_single
    response = client.chat(
               ^^^^^^^^^^^^
  File "C:\Users\claw\Desktop\Project\STOCK\src\stock\models.py", line 677, in chat
    return self._codex.chat(
           ^^^^^^^^^^^^^^^^^
  File "C:\Users\claw\Desktop\Project\STOCK\src\stock\models.py", line 610, in chat
    conn.execute(
sqlite3.OperationalError: database is locked
2026-05-13 19:17:52 stock.features ERROR Skipping news_id=56355: unexpected feature-extraction failure
Traceback (most recent call last):
  File "C:\Users\claw\Desktop\Project\STOCK\src\stock\features.py", line 124, in extract_features
    result = extract_single(news_id, title, body, tick, conn)
             ^^^^^^^^^^^^^^^^^^^^^^^^^^^^^^^^^^^^^^^^^^^^^^^^
  File "C:\Users\claw\Desktop\Project\STOCK\src\stock\features.py", line 83, in extract_single
    response = client.chat(
               ^^^^^^^^^^^^
  File "C:\Users\claw\Desktop\Project\STOCK\src\stock\models.py", line 677, in chat
    return self._codex.chat(
           ^^^^^^^^^^^^^^^^^
  File "C:\Users\claw\Desktop\Project\STOCK\src\stock\models.py", line 610, in chat
    conn.execute(
sqlite3.OperationalError: database is locked
2026-05-13 19:17:55 stock.orchestrator INFO Predicted ASML up (prob_up=0.57, cal=0.57)
Batches:   0%|          | 0/1 [00:00<?, ?it/s]Batches: 100%|##########| 1/1 [00:00<00:00,  7.15it/s]Batches: 100%|##########| 1/1 [00:00<00:00,  7.05it/s]
2026-05-13 19:18:15 stock.features ERROR Skipping news_id=56356: unexpected feature-extraction failure
Traceback (most recent call last):
  File "C:\Users\claw\Desktop\Project\STOCK\src\stock\features.py", line 124, in extract_features
    result = extract_single(news_id, title, body, tick, conn)
             ^^^^^^^^^^^^^^^^^^^^^^^^^^^^^^^^^^^^^^^^^^^^^^^^
  File "C:\Users\claw\Desktop\Project\STOCK\src\stock\features.py", line 83, in extract_single
    response = client.chat(
               ^^^^^^^^^^^^
  File "C:\Users\claw\Desktop\Project\STOCK\src\stock\models.py", line 677, in chat
    return self._codex.chat(
           ^^^^^^^^^^^^^^^^^
  File "C:\Users\claw\Desktop\Project\STOCK\src\stock\models.py", line 610, in chat
    conn.execute(
sqlite3.OperationalError: database is locked
2026-05-13 19:18:34 stock.orchestrator INFO Predicted AVGO up (prob_up=0.56, cal=0.56)
Batches:   0%|          | 0/1 [00:00<?, ?it/s]Batches: 100%|##########| 1/1 [00:00<00:00,  6.31it/s]Batches: 100%|##########| 1/1 [00:00<00:00,  6.21it/s]
2026-05-13 19:18:36 stock.features ERROR Skipping news_id=56357: unexpected feature-extraction failure
Traceback (most recent call last):
  File "C:\Users\claw\Desktop\Project\STOCK\src\stock\features.py", line 124, in extract_features
    result = extract_single(news_id, title, body, tick, conn)
             ^^^^^^^^^^^^^^^^^^^^^^^^^^^^^^^^^^^^^^^^^^^^^^^^
  File "C:\Users\claw\Desktop\Project\STOCK\src\stock\features.py", line 83, in extract_single
    response = client.chat(
               ^^^^^^^^^^^^
  File "C:\Users\claw\Desktop\Project\STOCK\src\stock\models.py", line 677, in chat
    return self._codex.chat(
           ^^^^^^^^^^^^^^^^^
  File "C:\Users\claw\Desktop\Project\STOCK\src\stock\models.py", line 610, in chat
    conn.execute(
sqlite3.OperationalError: database is locked
2026-05-13 19:18:56 stock.features ERROR Skipping news_id=56358: unexpected feature-extraction failure
Traceback (most recent call last):
  File "C:\Users\claw\Desktop\Project\STOCK\src\stock\features.py", line 124, in extract_features
    result = extract_single(news_id, title, body, tick, conn)
             ^^^^^^^^^^^^^^^^^^^^^^^^^^^^^^^^^^^^^^^^^^^^^^^^
  File "C:\Users\claw\Desktop\Project\STOCK\src\stock\features.py", line 83, in extract_single
    response = client.chat(
               ^^^^^^^^^^^^
  File "C:\Users\claw\Desktop\Project\STOCK\src\stock\models.py", line 677, in chat
    return self._codex.chat(
           ^^^^^^^^^^^^^^^^^
  File "C:\Users\claw\Desktop\Project\STOCK\src\stock\models.py", line 610, in chat
    conn.execute(
sqlite3.OperationalError: database is locked
2026-05-13 19:19:16 stock.features ERROR Skipping news_id=56359: unexpected feature-extraction failure
Traceback (most recent call last):
  File "C:\Users\claw\Desktop\Project\STOCK\src\stock\features.py", line 124, in extract_features
    result = extract_single(news_id, title, body, tick, conn)
             ^^^^^^^^^^^^^^^^^^^^^^^^^^^^^^^^^^^^^^^^^^^^^^^^
  File "C:\Users\claw\Desktop\Project\STOCK\src\stock\features.py", line 83, in extract_single
    response = client.chat(
               ^^^^^^^^^^^^
  File "C:\Users\claw\Desktop\Project\STOCK\src\stock\models.py", line 677, in chat
    return self._codex.chat(
           ^^^^^^^^^^^^^^^^^
  File "C:\Users\claw\Desktop\Project\STOCK\src\stock\models.py", line 610, in chat
    conn.execute(
sqlite3.OperationalError: database is locked
2026-05-13 19:19:18 stock.orchestrator ERROR Ingest/extract failed for KLAC
Traceback (most recent call last):
  File "C:\Users\claw\Desktop\Project\STOCK\src\stock\orchestrator.py", line 151, in _job_ingest_and_extract
    fetch_news(ticker, conn)
  File "C:\Users\claw\Desktop\Project\STOCK\src\stock\ingest\__init__.py", line 106, in fetch_news
    cursor = conn.execute(
             ^^^^^^^^^^^^^
sqlite3.OperationalError: database is locked
2026-05-13 19:19:19 stock.orchestrator ERROR Ingest/extract failed for LITE
Traceback (most recent call last):
  File "C:\Users\claw\Desktop\Project\STOCK\src\stock\orchestrator.py", line 151, in _job_ingest_and_extract
    fetch_news(ticker, conn)
  File "C:\Users\claw\Desktop\Project\STOCK\src\stock\ingest\__init__.py", line 106, in fetch_news
    cursor = conn.execute(
             ^^^^^^^^^^^^^
sqlite3.OperationalError: database is locked
2026-05-13 19:19:20 stock.orchestrator INFO Predicted CEG down (prob_up=0.44, cal=0.44)
Batches:   0%|          | 0/1 [00:00<?, ?it/s]Batches: 100%|##########| 1/1 [00:00<00:00,  6.98it/s]Batches: 100%|##########| 1/1 [00:00<00:00,  6.98it/s]
2026-05-13 19:19:20 stock.orchestrator ERROR Ingest/extract failed for LRCX
Traceback (most recent call last):
  File "C:\Users\claw\Desktop\Project\STOCK\src\stock\orchestrator.py", line 151, in _job_ingest_and_extract
    fetch_news(ticker, conn)
  File "C:\Users\claw\Desktop\Project\STOCK\src\stock\ingest\__init__.py", line 106, in fetch_news
    cursor = conn.execute(
             ^^^^^^^^^^^^^
sqlite3.OperationalError: database is locked
2026-05-13 19:19:21 stock.orchestrator ERROR Ingest/extract failed for META
Traceback (most recent call last):
  File "C:\Users\claw\Desktop\Project\STOCK\src\stock\orchestrator.py", line 151, in _job_ingest_and_extract
    fetch_news(ticker, conn)
  File "C:\Users\claw\Desktop\Project\STOCK\src\stock\ingest\__init__.py", line 106, in fetch_news
    cursor = conn.execute(
             ^^^^^^^^^^^^^
sqlite3.OperationalError: database is locked
2026-05-13 19:19:22 stock.orchestrator ERROR Ingest/extract failed for MRVL
Traceback (most recent call last):
  File "C:\Users\claw\Desktop\Project\STOCK\src\stock\orchestrator.py", line 151, in _job_ingest_and_extract
    fetch_news(ticker, conn)
  File "C:\Users\claw\Desktop\Project\STOCK\src\stock\ingest\__init__.py", line 106, in fetch_news
    cursor = conn.execute(
             ^^^^^^^^^^^^^
sqlite3.OperationalError: database is locked
2026-05-13 19:19:23 stock.orchestrator ERROR Ingest/extract failed for MSFT
Traceback (most recent call last):
  File "C:\Users\claw\Desktop\Project\STOCK\src\stock\orchestrator.py", line 151, in _job_ingest_and_extract
    fetch_news(ticker, conn)
  File "C:\Users\claw\Desktop\Project\STOCK\src\stock\ingest\__init__.py", line 106, in fetch_news
    cursor = conn.execute(
             ^^^^^^^^^^^^^
sqlite3.OperationalError: database is locked
2026-05-13 19:19:24 stock.orchestrator ERROR Ingest/extract failed for MTSI
Traceback (most recent call last):
  File "C:\Users\claw\Desktop\Project\STOCK\src\stock\orchestrator.py", line 151, in _job_ingest_and_extract
    fetch_news(ticker, conn)
  File "C:\Users\claw\Desktop\Project\STOCK\src\stock\ingest\__init__.py", line 106, in fetch_news
    cursor = conn.execute(
             ^^^^^^^^^^^^^
sqlite3.OperationalError: database is locked
2026-05-13 19:19:27 stock.orchestrator ERROR Ingest/extract failed for MU
Traceback (most recent call last):
  File "C:\Users\claw\Desktop\Project\STOCK\src\stock\orchestrator.py", line 151, in _job_ingest_and_extract
    fetch_news(ticker, conn)
  File "C:\Users\claw\Desktop\Project\STOCK\src\stock\ingest\__init__.py", line 106, in fetch_news
    cursor = conn.execute(
             ^^^^^^^^^^^^^
sqlite3.OperationalError: database is locked
2026-05-13 19:19:32 stock.orchestrator ERROR Ingest/extract failed for MXL
Traceback (most recent call last):
  File "C:\Users\claw\Desktop\Project\STOCK\src\stock\orchestrator.py", line 151, in _job_ingest_and_extract
    fetch_news(ticker, conn)
  File "C:\Users\claw\Desktop\Project\STOCK\src\stock\ingest\__init__.py", line 106, in fetch_news
    cursor = conn.execute(
             ^^^^^^^^^^^^^
sqlite3.OperationalError: database is locked
2026-05-13 19:19:33 stock.orchestrator ERROR Ingest/extract failed for NVDA
Traceback (most recent call last):
  File "C:\Users\claw\Desktop\Project\STOCK\src\stock\orchestrator.py", line 151, in _job_ingest_and_extract
    fetch_news(ticker, conn)
  File "C:\Users\claw\Desktop\Project\STOCK\src\stock\ingest\__init__.py", line 106, in fetch_news
    cursor = conn.execute(
             ^^^^^^^^^^^^^
sqlite3.OperationalError: database is locked
2026-05-13 19:19:34 stock.orchestrator ERROR Ingest/extract failed for ORCL
Traceback (most recent call last):
  File "C:\Users\claw\Desktop\Project\STOCK\src\stock\orchestrator.py", line 151, in _job_ingest_and_extract
    fetch_news(ticker, conn)
  File "C:\Users\claw\Desktop\Project\STOCK\src\stock\ingest\__init__.py", line 106, in fetch_news
    cursor = conn.execute(
             ^^^^^^^^^^^^^
sqlite3.OperationalError: database is locked
2026-05-13 19:19:35 stock.orchestrator ERROR Ingest/extract failed for SMCI
Traceback (most recent call last):
  File "C:\Users\claw\Desktop\Project\STOCK\src\stock\orchestrator.py", line 151, in _job_ingest_and_extract
    fetch_news(ticker, conn)
  File "C:\Users\claw\Desktop\Project\STOCK\src\stock\ingest\__init__.py", line 106, in fetch_news
    cursor = conn.execute(
             ^^^^^^^^^^^^^
sqlite3.OperationalError: database is locked
2026-05-13 19:19:36 stock.orchestrator ERROR Ingest/extract failed for SMTC
Traceback (most recent call last):
  File "C:\Users\claw\Desktop\Project\STOCK\src\stock\orchestrator.py", line 151, in _job_ingest_and_extract
    fetch_news(ticker, conn)
  File "C:\Users\claw\Desktop\Project\STOCK\src\stock\ingest\__init__.py", line 106, in fetch_news
    cursor = conn.execute(
             ^^^^^^^^^^^^^
sqlite3.OperationalError: database is locked
2026-05-13 19:19:37 stock.orchestrator ERROR Ingest/extract failed for TSM
Traceback (most recent call last):
  File "C:\Users\claw\Desktop\Project\STOCK\src\stock\orchestrator.py", line 151, in _job_ingest_and_extract
    fetch_news(ticker, conn)
  File "C:\Users\claw\Desktop\Project\STOCK\src\stock\ingest\__init__.py", line 106, in fetch_news
    cursor = conn.execute(
             ^^^^^^^^^^^^^
sqlite3.OperationalError: database is locked
2026-05-13 19:19:40 stock.orchestrator ERROR Ingest/extract failed for VRT
Traceback (most recent call last):
  File "C:\Users\claw\Desktop\Project\STOCK\src\stock\orchestrator.py", line 151, in _job_ingest_and_extract
    fetch_news(ticker, conn)
  File "C:\Users\claw\Desktop\Project\STOCK\src\stock\ingest\__init__.py", line 106, in fetch_news
    cursor = conn.execute(
             ^^^^^^^^^^^^^
sqlite3.OperationalError: database is locked
2026-05-13 19:19:44 stock.orchestrator ERROR Ingest/extract failed for VST
Traceback (most recent call last):
  File "C:\Users\claw\Desktop\Project\STOCK\src\stock\orchestrator.py", line 151, in _job_ingest_and_extract
    fetch_news(ticker, conn)
  File "C:\Users\claw\Desktop\Project\STOCK\src\stock\ingest\__init__.py", line 106, in fetch_news
    cursor = conn.execute(
             ^^^^^^^^^^^^^
sqlite3.OperationalError: database is locked
2026-05-13 19:19:46 stock.ingest.news_rss WARNING Feed https://www.sec.gov/cgi-bin/browse-edgar?action=getcompany&CIK=600276.SS&type=8-K&dateb=&owner=include&count=10&output=atom returned error: <unknown>:18:42: not well-formed (invalid token)
2026-05-13 19:19:46 stock.orchestrator ERROR Ingest/extract failed for 600276.SS
Traceback (most recent call last):
  File "C:\Users\claw\Desktop\Project\STOCK\src\stock\orchestrator.py", line 151, in _job_ingest_and_extract
    fetch_news(ticker, conn)
  File "C:\Users\claw\Desktop\Project\STOCK\src\stock\ingest\__init__.py", line 106, in fetch_news
    cursor = conn.execute(
             ^^^^^^^^^^^^^
sqlite3.OperationalError: database is locked
2026-05-13 19:19:47 stock.ingest.news_rss WARNING Feed https://www.sec.gov/cgi-bin/browse-edgar?action=getcompany&CIK=600196.SS&type=8-K&dateb=&owner=include&count=10&output=atom returned error: <unknown>:18:42: not well-formed (invalid token)
2026-05-13 19:19:47 stock.orchestrator ERROR Ingest/extract failed for 600196.SS
Traceback (most recent call last):
  File "C:\Users\claw\Desktop\Project\STOCK\src\stock\orchestrator.py", line 151, in _job_ingest_and_extract
    fetch_news(ticker, conn)
  File "C:\Users\claw\Desktop\Project\STOCK\src\stock\ingest\__init__.py", line 106, in fetch_news
    cursor = conn.execute(
             ^^^^^^^^^^^^^
sqlite3.OperationalError: database is locked
2026-05-13 19:19:48 stock.ingest.news_rss WARNING Feed https://www.sec.gov/cgi-bin/browse-edgar?action=getcompany&CIK=600600.SH&type=8-K&dateb=&owner=include&count=10&output=atom returned error: <unknown>:18:42: not well-formed (invalid token)
2026-05-13 19:19:48 stock.orchestrator INFO Predicted COHR up (prob_up=0.56, cal=0.56)
Batches:   0%|          | 0/1 [00:00<?, ?it/s]Batches: 100%|##########| 1/1 [00:00<00:00,  9.79it/s]Batches: 100%|##########| 1/1 [00:00<00:00,  9.79it/s]
2026-05-13 19:19:48 yfinance ERROR HTTP Error 404: {"quoteSummary":{"result":null,"error":{"code":"Not Found","description":"Quote not found for symbol: 600600.SH"}}}
2026-05-13 19:19:48 yfinance ERROR $600600.SH: possibly delisted; no timezone found
2026-05-13 19:19:48 yfinance ERROR 
1 Failed download:
2026-05-13 19:19:48 yfinance ERROR ['600600.SH']: possibly delisted; no timezone found
2026-05-13 19:19:49 stock.ingest.news_rss WARNING Feed https://www.sec.gov/cgi-bin/browse-edgar?action=getcompany&CIK=600900.SS&type=8-K&dateb=&owner=include&count=10&output=atom returned error: <unknown>:18:42: not well-formed (invalid token)
2026-05-13 19:19:55 stock.orchestrator ERROR Ingest/extract failed for 600900.SS
Traceback (most recent call last):
  File "C:\Users\claw\Desktop\Project\STOCK\src\stock\orchestrator.py", line 154, in _job_ingest_and_extract
    fetch_prices(ticker, conn)
  File "C:\Users\claw\Desktop\Project\STOCK\src\stock\ingest\__init__.py", line 152, in fetch_prices
    cursor = conn.execute(
             ^^^^^^^^^^^^^
sqlite3.OperationalError: database is locked
2026-05-13 19:19:58 stock.ingest.news_rss WARNING Feed https://www.sec.gov/cgi-bin/browse-edgar?action=getcompany&CIK=600519.SS&type=8-K&dateb=&owner=include&count=10&output=atom returned error: <unknown>:18:42: not well-formed (invalid token)
2026-05-13 19:20:00 stock.orchestrator INFO learn_from_feedback: no new inbound entries
2026-05-13 19:20:02 stock.orchestrator INFO Render sync: notes=74 tokens=2 replies=0
2026-05-13 19:20:03 stock.ingest.news_rss WARNING Feed https://www.sec.gov/cgi-bin/browse-edgar?action=getcompany&CIK=600436.SS&type=8-K&dateb=&owner=include&count=10&output=atom returned error: <unknown>:18:42: not well-formed (invalid token)
2026-05-13 19:20:04 stock.ingest.news_rss WARNING Feed https://www.sec.gov/cgi-bin/browse-edgar?action=getcompany&CIK=002001.SZ&type=8-K&dateb=&owner=include&count=10&output=atom returned error: <unknown>:18:42: not well-formed (invalid token)
2026-05-13 19:20:07 stock.ingest.news_rss WARNING Feed https://www.sec.gov/cgi-bin/browse-edgar?action=getcompany&CIK=601318.SS&type=8-K&dateb=&owner=include&count=10&output=atom returned error: <unknown>:18:42: not well-formed (invalid token)
2026-05-13 19:20:16 stock.ingest.news_rss WARNING Feed https://www.sec.gov/cgi-bin/browse-edgar?action=getcompany&CIK=002311.SZ&type=8-K&dateb=&owner=include&count=10&output=atom returned error: <unknown>:18:42: not well-formed (invalid token)
2026-05-13 19:20:17 stock.orchestrator INFO Predicted CRDO down (prob_up=0.47, cal=0.47)
Batches:   0%|          | 0/1 [00:00<?, ?it/s]Batches: 100%|##########| 1/1 [00:00<00:00, 11.16it/s]
2026-05-13 19:20:24 stock.orchestrator ERROR Ingest/extract failed for DG
Traceback (most recent call last):
  File "C:\Users\claw\Desktop\Project\STOCK\src\stock\orchestrator.py", line 151, in _job_ingest_and_extract
    fetch_news(ticker, conn)
  File "C:\Users\claw\Desktop\Project\STOCK\src\stock\ingest\__init__.py", line 106, in fetch_news
    cursor = conn.execute(
             ^^^^^^^^^^^^^
sqlite3.OperationalError: database is locked
2026-05-13 19:20:43 stock.orchestrator INFO Predicted DELL down (prob_up=0.46, cal=0.46)
Batches:   0%|          | 0/1 [00:00<?, ?it/s]Batches: 100%|##########| 1/1 [00:00<00:00,  7.86it/s]Batches: 100%|##########| 1/1 [00:00<00:00,  7.86it/s]
2026-05-13 19:20:49 stock.orchestrator ERROR Ingest/extract failed for FCFS
Traceback (most recent call last):
  File "C:\Users\claw\Desktop\Project\STOCK\src\stock\orchestrator.py", line 151, in _job_ingest_and_extract
    fetch_news(ticker, conn)
  File "C:\Users\claw\Desktop\Project\STOCK\src\stock\ingest\__init__.py", line 106, in fetch_news
    cursor = conn.execute(
             ^^^^^^^^^^^^^
sqlite3.OperationalError: database is locked
2026-05-13 19:21:11 stock.orchestrator INFO Predicted ETN up (prob_up=0.56, cal=0.56)
2026-05-13 19:21:41 stock.ingest.news_rss WARNING Feed https://www.sec.gov/cgi-bin/browse-edgar?action=getcompany&CIK=INDA&type=8-K&dateb=&owner=include&count=10&output=atom returned error: <unknown>:18:42: not well-formed (invalid token)
2026-05-13 19:21:42 stock.ingest.news_rss WARNING Feed https://www.sec.gov/cgi-bin/browse-edgar?action=getcompany&CIK=SMIN&type=8-K&dateb=&owner=include&count=10&output=atom returned error: <unknown>:18:42: not well-formed (invalid token)
2026-05-13 19:21:44 stock.ingest.news_rss WARNING Feed https://www.sec.gov/cgi-bin/browse-edgar?action=getcompany&CIK=MCHI&type=8-K&dateb=&owner=include&count=10&output=atom returned error: <unknown>:18:42: not well-formed (invalid token)
2026-05-13 19:21:49 stock.ingest.news_rss WARNING Feed https://www.sec.gov/cgi-bin/browse-edgar?action=getcompany&CIK=688082.SS&type=8-K&dateb=&owner=include&count=10&output=atom returned error: <unknown>:18:42: not well-formed (invalid token)
2026-05-13 19:21:54 stock.ingest.news_rss WARNING Feed https://www.sec.gov/cgi-bin/browse-edgar?action=getcompany&CIK=688012.SS&type=8-K&dateb=&owner=include&count=10&output=atom returned error: <unknown>:18:42: not well-formed (invalid token)
2026-05-13 19:21:55 stock.ingest.news_rss WARNING Feed https://www.sec.gov/cgi-bin/browse-edgar?action=getcompany&CIK=002371.SZ&type=8-K&dateb=&owner=include&count=10&output=atom returned error: <unknown>:18:42: not well-formed (invalid token)
2026-05-13 19:21:56 stock.ingest.news_rss WARNING Feed https://www.sec.gov/cgi-bin/browse-edgar?action=getcompany&CIK=688126.SS&type=8-K&dateb=&owner=include&count=10&output=atom returned error: <unknown>:18:42: not well-formed (invalid token)
2026-05-13 19:21:57 stock.ingest.news_rss WARNING Feed https://www.sec.gov/cgi-bin/browse-edgar?action=getcompany&CIK=002129.SZ&type=8-K&dateb=&owner=include&count=10&output=atom returned error: <unknown>:18:42: not well-formed (invalid token)
2026-05-13 19:22:01 stock.ingest.news_rss WARNING Feed https://www.sec.gov/cgi-bin/browse-edgar?action=getcompany&CIK=600584.SS&type=8-K&dateb=&owner=include&count=10&output=atom returned error: <unknown>:18:42: not well-formed (invalid token)
2026-05-13 19:22:05 stock.ingest.news_rss WARNING Feed https://www.sec.gov/cgi-bin/browse-edgar?action=getcompany&CIK=002185.SZ&type=8-K&dateb=&owner=include&count=10&output=atom returned error: <unknown>:18:42: not well-formed (invalid token)
2026-05-13 19:22:07 stock.ingest.news_rss WARNING Feed https://www.sec.gov/cgi-bin/browse-edgar?action=getcompany&CIK=688981.SS&type=8-K&dateb=&owner=include&count=10&output=atom returned error: <unknown>:18:42: not well-formed (invalid token)
2026-05-13 19:22:08 stock.ingest.news_rss WARNING Feed https://www.sec.gov/cgi-bin/browse-edgar?action=getcompany&CIK=0981.HK&type=8-K&dateb=&owner=include&count=10&output=atom returned error: <unknown>:18:42: not well-formed (invalid token)
2026-05-13 19:22:09 stock.ingest.news_rss WARNING Feed https://www.sec.gov/cgi-bin/browse-edgar?action=getcompany&CIK=603501.SS&type=8-K&dateb=&owner=include&count=10&output=atom returned error: <unknown>:18:42: not well-formed (invalid token)
2026-05-13 19:22:11 stock.ingest.news_rss WARNING Feed https://www.sec.gov/cgi-bin/browse-edgar?action=getcompany&CIK=688521.SS&type=8-K&dateb=&owner=include&count=10&output=atom returned error: <unknown>:18:42: not well-formed (invalid token)
2026-05-13 19:22:12 stock.ingest.news_rss WARNING Feed https://www.sec.gov/cgi-bin/browse-edgar?action=getcompany&CIK=688385.SS&type=8-K&dateb=&owner=include&count=10&output=atom returned error: <unknown>:18:42: not well-formed (invalid token)
2026-05-13 19:22:15 stock.ingest.news_rss WARNING Feed https://www.sec.gov/cgi-bin/browse-edgar?action=getcompany&CIK=688360.SS&type=8-K&dateb=&owner=include&count=10&output=atom returned error: <unknown>:18:42: not well-formed (invalid token)
2026-05-13 19:22:19 stock.ingest.news_rss WARNING Feed https://www.sec.gov/cgi-bin/browse-edgar?action=getcompany&CIK=002463.SZ&type=8-K&dateb=&owner=include&count=10&output=atom returned error: <unknown>:18:42: not well-formed (invalid token)
Batches:   0%|          | 0/1 [00:00<?, ?it/s]Batches: 100%|##########| 1/1 [00:00<00:00, 11.08it/s]
2026-05-13 19:23:54 stock.orchestrator INFO Predicted GOOGL up (prob_up=0.54, cal=0.54)
Batches:   0%|          | 0/1 [00:00<?, ?it/s]Batches: 100%|##########| 1/1 [00:00<00:00, 12.23it/s]
2026-05-13 19:24:11 stock.orchestrator INFO Predicted KLAC up (prob_up=0.58, cal=0.58)
Batches:   0%|          | 0/1 [00:00<?, ?it/s]Batches: 100%|##########| 1/1 [00:00<00:00, 11.98it/s]
2026-05-13 19:24:31 stock.orchestrator INFO Predicted LITE up (prob_up=0.56, cal=0.56)
Batches:   0%|          | 0/1 [00:00<?, ?it/s]Batches: 100%|##########| 1/1 [00:00<00:00, 11.76it/s]
2026-05-13 19:24:51 stock.orchestrator INFO Predicted LRCX up (prob_up=0.56, cal=0.56)
Batches:   0%|          | 0/1 [00:00<?, ?it/s]Batches: 100%|##########| 1/1 [00:00<00:00, 12.86it/s]
2026-05-13 19:25:00 stock.orchestrator INFO learn_from_feedback: no new inbound entries
2026-05-13 19:25:02 stock.orchestrator INFO Render sync: notes=74 tokens=2 replies=0
2026-05-13 19:25:07 stock.orchestrator INFO Predicted META down (prob_up=0.46, cal=0.46)
Batches:   0%|          | 0/1 [00:00<?, ?it/s]Batches: 100%|##########| 1/1 [00:00<00:00, 12.65it/s]
2026-05-13 19:25:24 stock.orchestrator INFO Predicted MRVL down (prob_up=0.47, cal=0.47)
Batches:   0%|          | 0/1 [00:00<?, ?it/s]Batches: 100%|##########| 1/1 [00:00<00:00,  9.73it/s]Batches: 100%|##########| 1/1 [00:00<00:00,  9.73it/s]
2026-05-13 19:25:45 stock.orchestrator INFO Predicted MSFT down (prob_up=0.47, cal=0.47)
Batches:   0%|          | 0/1 [00:00<?, ?it/s]Batches: 100%|##########| 1/1 [00:00<00:00, 11.28it/s]
2026-05-13 19:26:08 stock.orchestrator INFO Predicted MTSI up (prob_up=0.56, cal=0.56)
Batches:   0%|          | 0/1 [00:00<?, ?it/s]Batches: 100%|##########| 1/1 [00:00<00:00, 13.25it/s]
2026-05-13 19:26:29 stock.orchestrator INFO Predicted MU up (prob_up=0.58, cal=0.58)
Batches:   0%|          | 0/1 [00:00<?, ?it/s]Batches: 100%|##########| 1/1 [00:00<00:00, 11.81it/s]
2026-05-13 19:26:55 stock.orchestrator INFO Predicted MXL down (prob_up=0.44, cal=0.44)
Batches:   0%|          | 0/1 [00:00<?, ?it/s]Batches: 100%|##########| 1/1 [00:00<00:00, 13.26it/s]
2026-05-13 19:27:12 stock.orchestrator INFO Predicted NVDA up (prob_up=0.58, cal=0.58)
Batches:   0%|          | 0/1 [00:00<?, ?it/s]Batches: 100%|##########| 1/1 [00:00<00:00, 10.55it/s]
2026-05-13 19:27:31 stock.orchestrator INFO Predicted ORCL down (prob_up=0.47, cal=0.47)
Batches:   0%|          | 0/1 [00:00<?, ?it/s]Batches: 100%|##########| 1/1 [00:00<00:00, 10.54it/s]
2026-05-13 19:27:54 stock.orchestrator INFO Predicted SMCI down (prob_up=0.44, cal=0.44)
Batches:   0%|          | 0/1 [00:00<?, ?it/s]Batches: 100%|##########| 1/1 [00:00<00:00, 10.57it/s]
2026-05-13 19:28:11 stock.orchestrator INFO Predicted SMTC up (prob_up=0.56, cal=0.56)
Batches:   0%|          | 0/1 [00:00<?, ?it/s]Batches: 100%|##########| 1/1 [00:00<00:00, 11.13it/s]
2026-05-13 19:28:33 stock.orchestrator INFO Predicted TSM up (prob_up=0.54, cal=0.54)
Batches:   0%|          | 0/1 [00:00<?, ?it/s]Batches: 100%|##########| 1/1 [00:00<00:00, 13.40it/s]
2026-05-13 19:28:49 stock.orchestrator INFO Predicted VRT up (prob_up=0.56, cal=0.56)
Batches:   0%|          | 0/1 [00:00<?, ?it/s]Batches: 100%|##########| 1/1 [00:00<00:00, 12.96it/s]
2026-05-13 19:29:10 stock.orchestrator INFO Predicted VST down (prob_up=0.43, cal=0.43)
2026-05-13 19:30:00 stock.orchestrator INFO learn_from_feedback: no new inbound entries
2026-05-13 19:30:03 stock.orchestrator INFO Render sync: notes=74 tokens=2 replies=0
2026-05-13 19:30:52 stock.events INFO events.extract: added #10 AOSL earnings -> window_end=2026-09-30
2026-05-13 19:30:52 stock.research INFO events: extracted 1 new tracked event(s) from research 77
2026-05-13 19:30:52 stock.orchestrator INFO Research generated id=77 layer=integration_systems cost=$0.0000
2026-05-13 19:35:00 stock.orchestrator INFO learn_from_feedback: no new inbound entries
2026-05-13 19:35:03 stock.orchestrator INFO Render sync: notes=74 tokens=2 replies=0
2026-05-13 19:40:00 stock.orchestrator INFO learn_from_feedback: no new inbound entries
2026-05-13 19:40:03 stock.orchestrator INFO Render sync: notes=74 tokens=2 replies=0
2026-05-13 19:45:00 stock.orchestrator INFO learn_from_feedback: no new inbound entries
2026-05-13 19:45:02 stock.orchestrator INFO Render sync: notes=74 tokens=2 replies=0
2026-05-13 19:50:00 stock.orchestrator INFO learn_from_feedback: no new inbound entries
2026-05-13 19:50:03 stock.orchestrator INFO Render sync: notes=74 tokens=2 replies=0
2026-05-13 19:55:00 stock.orchestrator INFO learn_from_feedback: no new inbound entries
2026-05-13 19:55:02 stock.orchestrator INFO Render sync: notes=74 tokens=2 replies=0
2026-05-13 20:00:00 stock.orchestrator INFO learn_from_feedback: no new inbound entries
2026-05-13 20:00:02 stock.orchestrator INFO Render sync: notes=74 tokens=2 replies=0
2026-05-13 20:05:00 stock.orchestrator INFO learn_from_feedback: no new inbound entries
2026-05-13 20:05:03 stock.orchestrator INFO Render sync: notes=74 tokens=2 replies=0
2026-05-13 20:10:00 stock.orchestrator INFO learn_from_feedback: no new inbound entries
2026-05-13 20:10:03 stock.orchestrator INFO Render sync: notes=74 tokens=2 replies=0
