2026-05-11 21:45:46 stock.orchestrator INFO Log file: pipeline\logs\orchestrator.log (daily rotation, 14 days kept)
2026-05-11 21:45:46 stock.orchestrator INFO Watchlist: 26 tickers (AMAT, AMD, ASML, AVGO, CEG, COHR, CRDO, DELL, ETN, GOOGL, KLAC, LITE, LRCX, META, MRVL, MSFT, MTSI, MU, MXL, NVDA, ORCL, SMCI, SMTC, TSM, VRT, VST)
2026-05-11 21:45:46 stock.orchestrator INFO Scheduled: Ingest news/prices/features (2x daily, pre-push) -> 2026-05-12T14:00:00+00:00
2026-05-11 21:45:46 stock.orchestrator INFO Scheduled: Run predictions on watchlist (2x daily) -> 2026-05-12T14:15:00+00:00
2026-05-11 21:45:46 stock.orchestrator INFO Scheduled: Score due predictions -> 2026-05-12T21:30:00+00:00
2026-05-11 21:45:46 stock.orchestrator INFO Scheduled: Weekly reflection -> 2026-05-16T06:00:00+00:00
2026-05-11 21:45:46 stock.orchestrator INFO Scheduled: Morning web discovery -> 2026-05-13T02:00:00+00:00
2026-05-11 21:45:46 stock.orchestrator INFO Scheduled: Evening web discovery -> 2026-05-12T14:00:00+00:00
2026-05-11 21:45:46 stock.orchestrator INFO Scheduled: Daily price/volume anomaly computation -> 2026-05-12T21:35:00+00:00
2026-05-11 21:45:46 stock.orchestrator INFO Scheduled: Weekly EDGAR Form 4 pull -> 2026-05-17T05:00:00+00:00
2026-05-11 21:45:46 stock.orchestrator INFO Scheduled: Per-holding weekly health-check deep-dive -> 2026-05-16T07:00:00+00:00
2026-05-11 21:45:46 stock.orchestrator INFO Scheduled: Classify replies, queue follow-ups, auto-rewrite prompt -> 2026-05-12T04:50:00+00:00
2026-05-11 21:45:46 stock.orchestrator INFO Scheduled: Run pending auto-queued action items -> 2026-05-12T12:00:00+00:00
2026-05-11 21:45:46 stock.orchestrator INFO Scheduled: Morning research + WeChat push -> 2026-05-13T02:30:00+00:00
2026-05-11 21:45:46 stock.orchestrator INFO Scheduled: Evening research + WeChat push -> 2026-05-12T14:30:00+00:00
2026-05-11 21:45:46 stock.orchestrator INFO Scheduled: Push state to Render free tier + pull boss replies -> 2026-05-12T04:50:00+00:00
2026-05-11 21:45:46 stock.orchestrator INFO Scheduled: F26 nightly tracked-event verification -> 2026-05-12T21:50:00+00:00
2026-05-11 21:45:46 stock.orchestrator INFO Scheduled: F33 nightly SQLite online backup -> 2026-05-12T23:30:00+00:00
2026-05-11 21:45:46 stock.orchestrator INFO Scheduled: F36 unusual options activity scan -> 2026-05-12T21:55:00+00:00
2026-05-11 21:45:46 stock.orchestrator INFO Scheduled: F38 three-sector smallcap forward-discovery scan -> 2026-05-12T22:15:00+00:00
2026-05-11 21:45:46 stock.orchestrator INFO Scheduled: F39 weekly AI commercial-loop closure-risk measurement -> 2026-05-18T06:30:00+00:00
2026-05-11 21:45:46 stock.orchestrator INFO Scheduled: F40 weekly Q&A deep-dive on top-FWP candidates -> 2026-05-16T07:00:00+00:00
2026-05-11 21:45:46 stock.orchestrator INFO Scheduled: F44 weekly company DD checklist (queue-rotated) -> 2026-05-13T09:15:00+00:00
2026-05-11 21:45:46 stock.orchestrator INFO Scheduled: F45 weekly entry-zone scan (conviction + DD queue) -> 2026-05-17T06:00:00+00:00
2026-05-11 21:45:46 stock.orchestrator INFO Scheduled: F46 post-close volume + price snapshot (4:05 PM ET) -> 2026-05-12T20:05:00+00:00
2026-05-11 21:45:46 stock.orchestrator INFO Scheduled: F19 forward-looking candidate scoring + auto-promote -> 2026-05-12T23:00:00+00:00
2026-05-11 21:45:46 stock.orchestrator INFO Scheduled: Verify scored theses against post-window evidence -> 2026-05-12T21:40:00+00:00
2026-05-11 21:45:46 stock.orchestrator INFO Scheduled: Daily grade-and-reply note + follow-ups -> 2026-05-12T21:45:00+00:00
2026-05-11 21:45:46 stock.orchestrator INFO Scheduled: Daily self-review packet + optional MiniMax proposals -> 2026-05-12T06:00:00+00:00
2026-05-11 21:45:46 stock.orchestrator INFO Orchestrator running (27 jobs). Press Ctrl+C to stop.
INFO:     Started server process [9844]
INFO:     Waiting for application startup.
INFO:     Application startup complete.
INFO:     Uvicorn running on http://127.0.0.1:18790 (Press CTRL+C to quit)
